Fri May 13 10:37:46 BRT 2016 : Apache Derby Network Server - 10.10.2.0 - (1582446) started and ready to accept connections on port 1527
----------------------------------------------------------------
Fri May 13 10:38:14 BRT 2016:
Booting Derby version The Apache Software Foundation - Apache Derby - 10.10.2.0 - (1582446): instance a816c00e-0154-aa56-5831-ffff9967977a 
on database directory /Users/VictorOka/GitHub/ProjetoLP/ECommerce/db/ECommerceDB with class loader sun.misc.Launcher$AppClassLoader@266474c2 
Loaded from file:/Users/VictorOka/Documents/glassfish4/javadb/lib/derby.jar
java.vendor=Oracle Corporation
java.runtime.version=1.8.0_73-b02
user.dir=/Users/VictorOka/Documents/glassfish4/javadb
os.name=Mac OS X
os.arch=x86_64
os.version=10.11.4
derby.system.home=/Users/VictorOka/GitHub/ProjetoLP/ECommerce/db
Database Class Loader started - derby.database.classpath=''
----------------------------------------------------------------
Fri May 13 12:04:31 BRT 2016: Shutting down Derby engine
----------------------------------------------------------------
Fri May 13 12:04:31 BRT 2016:
Shutting down instance a816c00e-0154-aa56-5831-ffff9967977a on database directory /Users/VictorOka/GitHub/ProjetoLP/ECommerce/db/ECommerceDB with class loader sun.misc.Launcher$AppClassLoader@266474c2 
----------------------------------------------------------------
